Arguments: 
  C:\Program Files\nodejs\node.exe C:\Program Files (x86)\Yarn\bin\yarn.js add

PATH: 
  C:\Users\boggs\cmder\bin;C:\Users\boggs\cmder\vendor\conemu-maximus5\ConEmu\Scripts;C:\Users\boggs\cmder\vendor\conemu-maximus5;C:\Users\boggs\cmder\vendor\conemu-maximus5\ConEmu;C:\Program Files (x86)\Intel\iCLS Client\;C:\Program Files\Intel\iCLS Client\;C:\Windows\system32;C:\Windows;C:\Windows\System32\Wbem;C:\Windows\System32\WindowsPowerShell\v1.0\;C:\Program Files (x86)\NVIDIA Corporation\PhysX\Common;C:\Program Files (x86)\Intel\Intel(R) Management Engine Components\DAL;C:\Program Files\Intel\Intel(R) Management Engine Components\DAL;C:\Program Files (x86)\Intel\Intel(R) Management Engine Components\IPT;C:\Program Files\Intel\Intel(R) Management Engine Components\IPT;C:\Program Files\Intel\WiFi\bin\;C:\Program Files\Common Files\Intel\WirelessCommon\;C:\WINDOWS\system32;C:\WINDOWS;C:\WINDOWS\System32\Wbem;C:\WINDOWS\System32\WindowsPowerShell\v1.0\;C:\ProgramData\chocolatey\bin;C:\Program Files\nodejs\;C:\Program Files (x86)\Yarn\bin\;C:\Program Files\dotnet\;C:\Program Files\Microsoft SQL Server\130\Tools\Binn\;C:\tools\php72;C:\Program Files\Git\cmd;C:\ProgramData\ComposerSetup\bin;C:\Users\boggs\AppData\Local\Microsoft\WindowsApps;;C:\Program Files\Microsoft VS Code\bin;C:\Program Files\Heroku\bin;C:\Users\boggs\AppData\Roaming\npm;C:\Users\boggs\AppData\Local\Yarn\bin;C:\Users\boggs\AppData\Roaming\Composer\vendor\bin;C:\Program Files\Git\usr\bin;C:\Program Files\Git\usr\share\vim\vim74;C:\Users\boggs\cmder\

Yarn version: 
  1.5.1

Node version: 
  9.9.0

Platform: 
  win32 x64

npm manifest: 
  {
    "name": "moneyhoney",
    "version": "1.0.0",
    "description": "financial app",
    "main": "index.js",
    "scripts": {
      "test": "echo \"Error: no test specified\" && exit 1"
    },
    "repository": {
      "type": "git",
      "url": "git+https://github.com/chaucees/moneyhoney.git"
    },
    "author": "The Final Four",
    "license": "ISC",
    "bugs": {
      "url": "https://github.com/chaucees/moneyhoney/issues"
    },
    "homepage": "https://github.com/chaucees/moneyhoney#readme"
  }

yarn manifest: 
  No manifest

Lockfile: 
  No lockfile

Trace: 
  Error: Missing list of packages to add to your project.
      at new MessageError (C:\Program Files (x86)\Yarn\lib\cli.js:186:110)
      at Object.<anonymous> (C:\Program Files (x86)\Yarn\lib\cli.js:40587:13)
      at Generator.next (<anonymous>)
      at step (C:\Program Files (x86)\Yarn\lib\cli.js:98:30)
      at C:\Program Files (x86)\Yarn\lib\cli.js:116:14
      at new Promise (<anonymous>)
      at new F (C:\Program Files (x86)\Yarn\lib\cli.js:23451:28)
      at Object.<anonymous> (C:\Program Files (x86)\Yarn\lib\cli.js:95:12)
      at Object.run (C:\Program Files (x86)\Yarn\lib\cli.js:40599:19)
      at run (C:\Program Files (x86)\Yarn\lib\cli.js:89113:20)
